2025-12-21 16:26:29 - Début traitement
Cart: Array
(
    [prod_5] => Array
        (
            [id] => prod_5
            [nom] => HONEYMOON MIEL HOMME ET FEMME
            [description] => CONSOMMEZ UN SACHET DE MIEL ET ATTENDEZ ENVIRON 1H DE TEMPS AVANT DE PASSER A L'ACTE SEXUEL
            [prix] => 20000
            [image_url] => 
            [quantity] => 1
        )

    [prod_4] => Array
        (
            [id] => prod_4
            [nom] => DEALY SHARK CREME
            [description] => APPLIQUEZ UNE PETITE QUANTITE DE LA CREME SUR LA TETE DU PENIS ET PATIENTEZ ENVIRON 30 MINUTES AVANT DE PASSER A L'ACTE SEXUEL
            [prix] => 6500
            [image_url] => 
            [quantity] => 1
        )

)

ERREUR: Erreur lors de l'enregistrement de la commande
Trace: #0 {main}

2025-12-21 16:29:23 - NOUVELLE COMMANDE
Ticket généré: ORD-20251221-7472
Transaction démarrée
Order inseré ID: 10
ERREUR: SQLSTATE[23000]: Integrity constraint violation: 1048 Column 'item_name' cannot be null
Ligne: 95
Trace: #0 /home/u428179605/domains/web-genious.com/public_html/sucre_store/process_order.php(95): PDOStatement->execute()
#1 {main}

2025-12-21 16:29:28 - NOUVELLE COMMANDE
Ticket généré: ORD-20251221-6657
Transaction démarrée
Order inseré ID: 11
ERREUR: SQLSTATE[23000]: Integrity constraint violation: 1048 Column 'item_name' cannot be null
Ligne: 95
Trace: #0 /home/u428179605/domains/web-genious.com/public_html/sucre_store/process_order.php(95): PDOStatement->execute()
#1 {main}

2025-12-21 16:31:59 - NOUVELLE COMMANDE
Ticket généré: ORD-20251221-2588
Transaction démarrée
Order inseré ID: 12
Items insérés
Commit OK

2025-12-21 16:36:36 - NOUVELLE COMMANDE
Ticket généré: ORD-20251221-6341
Transaction démarrée
Order inseré ID: 13
Items insérés
Commit OK

2025-12-21 16:40:44 - NOUVELLE COMMANDE
Ticket généré: ORD-20251221-4358
Transaction démarrée
Order inseré ID: 14
Items insérés
Commit OK

2025-12-21 16:43:47 - NOUVELLE COMMANDE
Ticket généré: ORD-20251221-5161
Transaction démarrée
Order inseré ID: 15
Items insérés
Commit OK

2025-12-21 17:23:03 - NOUVELLE COMMANDE
Ticket généré: ORD-20251221-8092
Transaction démarrée
Order inseré ID: 16
Items insérés
Commit OK

2025-12-22 08:49:12 - NOUVELLE COMMANDE
Ticket généré: ORD-20251222-1871
Transaction démarrée
Order inseré ID: 17
Items insérés
Commit OK

2025-12-22 11:57:02 - NOUVELLE COMMANDE
Ticket généré: ORD-20251222-9998
Transaction démarrée
Order inseré ID: 18
Items insérés
Commit OK

2025-12-23 16:41:59 - NOUVELLE COMMANDE
Ticket généré: ORD-20251223-2211
Transaction démarrée
Order inseré ID: 19
Items insérés
Commit OK

2025-12-23 16:43:24 - NOUVELLE COMMANDE
Ticket généré: ORD-20251223-8232
Transaction démarrée
Order inseré ID: 20
Items insérés
Commit OK

2025-12-23 16:54:39 - NOUVELLE COMMANDE
Ticket généré: ORD-20251223-7538
Transaction démarrée
Order inseré ID: 21
Items insérés
Commit OK

2025-12-23 21:24:53 - NOUVELLE COMMANDE
Ticket généré: ORD-20251223-5568
Transaction démarrée
Order inseré ID: 22
Items insérés
Commit OK

2025-12-23 22:05:24 - NOUVELLE COMMANDE
Ticket généré: ORD-20251223-4268
Transaction démarrée
Order inseré ID: 23
Items insérés
Commit OK

2025-12-23 22:05:25 - NOUVELLE COMMANDE

2025-12-23 22:05:26 - NOUVELLE COMMANDE

2025-12-23 22:05:29 - NOUVELLE COMMANDE

2025-12-23 22:05:30 - NOUVELLE COMMANDE

2025-12-23 22:05:31 - NOUVELLE COMMANDE

2025-12-23 22:05:36 - NOUVELLE COMMANDE

2025-12-23 22:05:42 - NOUVELLE COMMANDE

2025-12-23 22:05:47 - NOUVELLE COMMANDE

2025-12-23 22:05:55 - NOUVELLE COMMANDE

2025-12-23 22:41:12 - NOUVELLE COMMANDE

2025-12-24 10:25:04 - NOUVELLE COMMANDE
Ticket généré: ORD-20251224-8710
Transaction démarrée
Order inseré ID: 24
Items insérés
Commit OK

2025-12-24 12:24:27 - NOUVELLE COMMANDE
Ticket généré: ORD-20251224-8284
Transaction démarrée
Order inseré ID: 25
Items insérés
Commit OK

2025-12-29 14:48:26 - NOUVELLE COMMANDE
Ticket généré: ORD-20251229-1377
Transaction démarrée
Order inseré ID: 26
Items insérés
Commit OK

2025-12-29 18:33:51 - NOUVELLE COMMANDE
Ticket généré: ORD-20251229-9651
Transaction démarrée
Order inseré ID: 27
Items insérés
Commit OK

2026-01-07 21:51:33 - NOUVELLE COMMANDE
Ticket généré: ORD-20260107-7466
Transaction démarrée
Order inseré ID: 28
Items insérés
Commit OK

2026-01-10 23:36:52 - NOUVELLE COMMANDE
Ticket généré: ORD-20260110-4745
Transaction démarrée
Order inseré ID: 29
Items insérés
Commit OK

2026-01-11 17:38:49 - NOUVELLE COMMANDE
Ticket généré: ORD-20260111-2726
Transaction démarrée
Order inseré ID: 30
Items insérés
Commit OK

2026-01-11 17:39:36 - NOUVELLE COMMANDE
Ticket généré: ORD-20260111-7452
Transaction démarrée
Order inseré ID: 31
Items insérés
Commit OK

2026-01-13 16:54:34 - NOUVELLE COMMANDE
Ticket généré: ORD-20260113-4827
Transaction démarrée
Order inseré ID: 32
Items insérés
Commit OK

2026-01-16 15:53:05 - NOUVELLE COMMANDE
Ticket généré: ORD-20260116-6003
Transaction démarrée
ERREUR: SQLSTATE[23000]: Integrity constraint violation: 1048 Column 'order_date' cannot be null
Ligne: 70
Trace: #0 /home/u428179605/domains/web-genious.com/public_html/sucre_store/process_order.php(70): PDOStatement->execute()
#1 {main}

2026-01-16 15:53:21 - NOUVELLE COMMANDE
Ticket généré: ORD-20260116-6129
Transaction démarrée
ERREUR: SQLSTATE[23000]: Integrity constraint violation: 1048 Column 'order_date' cannot be null
Ligne: 70
Trace: #0 /home/u428179605/domains/web-genious.com/public_html/sucre_store/process_order.php(70): PDOStatement->execute()
#1 {main}

2026-01-16 15:56:46 - NOUVELLE COMMANDE
Ticket généré: ORD-20260116-2698
Transaction démarrée
ERREUR: SQLSTATE[23000]: Integrity constraint violation: 1048 Column 'order_date' cannot be null
Ligne: 70
Trace: #0 /home/u428179605/domains/web-genious.com/public_html/sucre_store/process_order.php(70): PDOStatement->execute()
#1 {main}

2026-01-16 15:56:53 - NOUVELLE COMMANDE
Ticket généré: ORD-20260116-3080
Transaction démarrée
ERREUR: SQLSTATE[23000]: Integrity constraint violation: 1048 Column 'order_date' cannot be null
Ligne: 70
Trace: #0 /home/u428179605/domains/web-genious.com/public_html/sucre_store/process_order.php(70): PDOStatement->execute()
#1 {main}

2026-01-16 15:57:09 - NOUVELLE COMMANDE
Ticket généré: ORD-20260116-4256
Transaction démarrée
ERREUR: SQLSTATE[23000]: Integrity constraint violation: 1048 Column 'order_date' cannot be null
Ligne: 70
Trace: #0 /home/u428179605/domains/web-genious.com/public_html/sucre_store/process_order.php(70): PDOStatement->execute()
#1 {main}

2026-01-16 16:16:27 - NOUVELLE COMMANDE
Ticket généré: ORD-20260116-4186
Transaction démarrée
ERREUR: SQLSTATE[23000]: Integrity constraint violation: 1048 Column 'order_date' cannot be null
Ligne: 70
Trace: #0 /home/u428179605/domains/web-genious.com/public_html/sucre_store/process_order.php(70): PDOStatement->execute()
#1 {main}

2026-01-16 16:16:56 - NOUVELLE COMMANDE
Ticket généré: ORD-20260116-8852
Transaction démarrée
ERREUR: SQLSTATE[23000]: Integrity constraint violation: 1048 Column 'order_date' cannot be null
Ligne: 70
Trace: #0 /home/u428179605/domains/web-genious.com/public_html/sucre_store/process_order.php(70): PDOStatement->execute()
#1 {main}

2026-01-16 20:24:46 - NOUVELLE COMMANDE
Ticket généré: ORD-20260116-8252
Transaction démarrée
ERREUR: SQLSTATE[23000]: Integrity constraint violation: 1048 Column 'order_date' cannot be null
Ligne: 79
Trace: #0 /home/u428179605/domains/web-genious.com/public_html/sucre_store/process_order.php(79): PDOStatement->execute()
#1 {main}

2026-01-16 20:24:55 - NOUVELLE COMMANDE
Ticket généré: ORD-20260116-6425
Transaction démarrée
ERREUR: SQLSTATE[23000]: Integrity constraint violation: 1048 Column 'order_date' cannot be null
Ligne: 79
Trace: #0 /home/u428179605/domains/web-genious.com/public_html/sucre_store/process_order.php(79): PDOStatement->execute()
#1 {main}

2026-01-16 20:25:06 - NOUVELLE COMMANDE
Ticket généré: ORD-20260116-9434
Transaction démarrée
ERREUR: SQLSTATE[23000]: Integrity constraint violation: 1048 Column 'order_date' cannot be null
Ligne: 79
Trace: #0 /home/u428179605/domains/web-genious.com/public_html/sucre_store/process_order.php(79): PDOStatement->execute()
#1 {main}

2026-01-16 20:25:39 - NOUVELLE COMMANDE
Ticket généré: ORD-20260116-8336
Transaction démarrée
ERREUR: SQLSTATE[23000]: Integrity constraint violation: 1048 Column 'order_date' cannot be null
Ligne: 79
Trace: #0 /home/u428179605/domains/web-genious.com/public_html/sucre_store/process_order.php(79): PDOStatement->execute()
#1 {main}

2026-01-16 20:28:38 - NOUVELLE COMMANDE
Ticket généré: ORD-20260116-5620
Transaction démarrée
Order inseré ID: 33
Items insérés
Commit OK

2026-01-16 20:35:39 - NOUVELLE COMMANDE
Ticket généré: ORD-20260116-6681
Transaction démarrée
Order inseré ID: 34
Items insérés
Commit OK

2026-01-16 21:58:14 - NOUVELLE COMMANDE
Ticket généré: ORD-20260116-4986
Transaction démarrée
Order inseré ID: 35
Items insérés
Commit OK

2026-01-16 23:02:57 - NOUVELLE COMMANDE
Ticket généré: ORD-20260116-8280
Transaction démarrée
Order inseré ID: 36
Items insérés
Commit OK

2026-01-17 00:45:14 - NOUVELLE COMMANDE
Ticket généré: ORD-20260117-1963
Transaction démarrée
Order inseré ID: 37
Items insérés
Commit OK

2026-01-19 14:06:36 - NOUVELLE COMMANDE
Ticket généré: ORD-20260119-2767
Transaction démarrée
Order inseré ID: 38
Items insérés
Commit OK

2026-01-26 14:40:25 - NOUVELLE COMMANDE
Ticket généré: ORD-20260126-4723
Transaction démarrée
Order inseré ID: 39
Items insérés
Commit OK

2026-01-26 14:40:33 - NOUVELLE COMMANDE

2026-01-26 14:40:40 - NOUVELLE COMMANDE

2026-01-26 20:48:16 - NOUVELLE COMMANDE

2026-01-27 20:44:10 - NOUVELLE COMMANDE
Ticket généré: ORD-20260127-1966
Transaction démarrée
Order inseré ID: 40
Items insérés
Commit OK

2026-02-02 01:06:46 - NOUVELLE COMMANDE
Ticket généré: ORD-20260202-3239
Transaction démarrée
Order inseré ID: 41
Items insérés
Commit OK

2026-02-05 13:37:36 - NOUVELLE COMMANDE
Ticket généré: ORD-20260205-8321
Transaction démarrée
Order inseré ID: 42
Items insérés
Commit OK

2026-02-05 13:43:59 - NOUVELLE COMMANDE
Ticket généré: ORD-20260205-2274
Transaction démarrée
Order inseré ID: 43
Items insérés
Commit OK

2026-02-05 13:46:09 - NOUVELLE COMMANDE
Ticket généré: ORD-20260205-4636
Transaction démarrée
Order inseré ID: 44
Items insérés
Commit OK

2026-02-05 14:04:07 - NOUVELLE COMMANDE
Ticket généré: ORD-20260205-3750
Transaction démarrée
Order inseré ID: 45
Items insérés
Commit OK
